> Task :gradle:checkKotlinGradlePluginConfigurationErrors SKIPPED
> Task :gradle:compileKotlin UP-TO-DATE
> Task :gradle:compileJava NO-SOURCE
> Task :gradle:compileGroovy NO-SOURCE
> Task :gradle:pluginDescriptors UP-TO-DATE
> Task :gradle:processResources UP-TO-DATE
> Task :gradle:classes UP-TO-DATE
> Task :gradle:jar UP-TO-DATE
> Task :app:DebugMinSdkCheck
> Task :app:preBuild UP-TO-DATE
> Task :app:preDebugBuild UP-TO-DATE
> Task :app:mergeDebugNativeDebugMetadata NO-SOURCE
> Task :app:checkKotlinGradlePluginConfigurationErrors SKIPPED

> Task :app:compileFlutterBuildDebug
.\gradlew.bat : lib/features/deliv
ery_confirm/screens/delivery_confi
rm_screen.dart:502:11: Error: No 
named parameter with the name 
'actions'.
At line:1 char:1
+ .\gradlew.bat assembleDebug 
2>&1 | Out-File -FilePath 
gradle_error.tx ...
+ ~~~~~~~~~~~~~~~~~~~~~~~~~~~~~~~~
    + CategoryInfo          : Not 
   Specified: (lib/features/de..  
  .name 'actions'.:String) [],    
 RemoteException
    + FullyQualifiedErrorId : Nat 
   iveCommandError
 
          actions: [
          ^^^^^^^
/D:/flutter_windows_3.35.7-stable/
flutter/packages/flutter/lib/src/w
idgets/basic.dart:8282:9: 
Context: Found this candidate, 
but the arguments don't match.
  const 
StatefulBuilder({super.key, 
required this.builder});
        ^^^^^^^^^^^^^^^
lib/features/delivery_confirm/scre
ens/delivery_confirm_screen.dart:5
74:7: Error: Expected ';' after 
this.
      ),
      ^
lib/features/delivery_confirm/scre
ens/delivery_confirm_screen.dart:5
74:8: Error: Expected an 
identifier, but got ','.
Try inserting an identifier 
before ','.
      ),
       ^
lib/features/delivery_confirm/scre
ens/delivery_confirm_screen.dart:5
74:8: Error: Unexpected token ';'.
      ),
       ^
lib/features/delivery_confirm/scre
ens/delivery_confirm_screen.dart:5
75:5: Error: Expected an 
identifier, but got ')'.
Try inserting an identifier 
before ')'.
    );
    ^
lib/features/delivery_confirm/scre
ens/delivery_confirm_screen.dart:5
74:8: Error: Expected ';' after 
this.
      ),
       ^
lib/features/delivery_confirm/scre
ens/delivery_confirm_screen.dart:5
75:5: Error: Unexpected token ';'.
    );
    ^
Target kernel_snapshot_program 
failed: Exception


> Task :app:compileFlutterBuildDebug FAILED

[Incubating] Problems report is available at: file:///D:/milk%20delivery/milkdelivery/apps/delivery_app/build/reports/problems/problems-report.html

FAILURE: Build failed with an 
exception.

* What went wrong:
Execution failed for task 
':app:compileFlutterBuildDebug'.
> Process 'command 'D:\flutter_win
dows_3.35.7-stable\flutter\bin\flu
tter.bat'' finished with non-zero 
exit value 1

* Try:
> Run with --stacktrace option to 
get the stack trace.
> Run with --info or --debug 
option to get more log output.
> Run with --scan to get full 
insights.
> Get more help at 
https://help.gradle.org.

Deprecated Gradle features were used in this build, making it incompatible with Gradle 9.0.

You can use '--warning-mode all' to show the individual deprecation warnings and determine if they come from your own scripts or plugins.

For more on this, please refer to https://docs.gradle.org/8.12/userguide/command_line_interface.html#sec:command_line_warnings in the Gradle documentation.

BUILD FAILED in 32s
6 actionable tasks: 2 executed, 4 up-to-date
